<?xml version="1.0" encoding="UTF-8"?>
<!-- Generated by org.testng.reporters.JUnitReportReporter -->
<testsuite hostname="tetyanas-MacBook-Pro.local" name="TestNG.SignUpTest" tests="3" failures="0" timestamp="7 Dec 2016 09:46:19 GMT" time="0.009" errors="0">
  <testcase name="SignUpviaInstagram" time="0.002" classname="TestNG.SignUpTest"/>
  <testcase name="SignUpviaEmail" time="0.002" classname="TestNG.SignUpTest"/>
  <testcase name="SignUpviaFacebook" time="0.005" classname="TestNG.SignUpTest"/>
</testsuite> <!-- TestNG.SignUpTest -->
