<?xml version="1.0" encoding="UTF-8"?>
<!-- Generated by org.testng.reporters.JUnitReportReporter -->
<testsuite hostname="tetyanas-MacBook-Pro.local" name="TestNG.LoginTest" tests="3" failures="0" timestamp="8 Dec 2016 09:02:17 GMT" time="0.029" errors="0">
  <testcase name="LoginviaInstagram" time="0.003" classname="TestNG.LoginTest"/>
  <testcase name="LoginviaFacebook" time="0.007" classname="TestNG.LoginTest"/>
  <testcase name="LoginviaEmail" time="0.019" classname="TestNG.LoginTest"/>
</testsuite> <!-- TestNG.LoginTest -->
