<?xml version="1.0" encoding="UTF-8"?>
<!-- Generated by org.testng.reporters.JUnitReportReporter -->
<testsuite hostname="tetyanas-MacBook-Pro.local" name="TestNG.ReturnPaymentTest" tests="1" failures="0" timestamp="7 Dec 2016 09:46:19 GMT" time="0.002" errors="0">
  <testcase name="PaymentReturnedbyBank" time="0.002" classname="TestNG.ReturnPaymentTest"/>
</testsuite> <!-- TestNG.ReturnPaymentTest -->
